<?xml version="1.0" encoding="UTF-8"?>
<!-- Generated by org.testng.reporters.JUnitXMLReporter -->
<testsuite ignored="0" hostname="Ankit-LEGION" failures="0" tests="4" name="Default test" time="0.07" errors="0" timestamp="2024-02-27T10:56:44 IST">
  <testcase classname="TestNG.Annotationseg" name="testcase1" time="0.005"/>
  <testcase classname="TestNG.Annotationseg" name="testcase2" time="0.001"/>
  <testcase classname="TestNG.Annotationseg" name="testcase3" time="0.002"/>
  <testcase classname="TestNG.Annotationseg" name="testcase4" time="0.001"/>
</testsuite> <!-- Default test -->
