<?xml version="1.0" encoding="UTF-8"?>
<!-- Generated by org.testng.reporters.JUnitXMLReporter -->
<testsuite ignored="0" hostname="Ankit-LEGION" failures="0" tests="3" name="Test" time="13.408" errors="0" timestamp="2024-02-27T11:43:34 IST">
  <testcase classname="TestNG.invokeedge" name="invokeegede" time="6.111"/>
  <testcase classname="TestNG.invokeChrome" name="invokechrome" time="4.67"/>
  <testcase classname="TestNG.ListnerTestClass" name="invokechrome" time="2.553"/>
</testsuite> <!-- Test -->
